#
# A fatal error has been detected by the Java Runtime Environment:
#
#  EXCEPTION_ACCESS_VIOLATION (0xc0000005) at pc=0x601772b7, pid=4588, tid=3660
#
# JRE version: 7.0_04-b20
# Java VM: Java HotSpot(TM) Client VM (23.0-b21 mixed mode, sharing windows-x86 )
# Problematic frame:
# C  [GOOGLEPINYIN2.IME+0xa72b7]  ImeGetRegisterWordStyle+0x84647
#
# Failed to write core dump. Minidumps are not enabled by default on client versions of Windows
#
# If you would like to submit a bug report, please visit:
#   http://bugreport.sun.com/bugreport/crash.jsp
# The crash happened outside the Java Virtual Machine in native code.
# See problematic frame for where to report the bug.
#

---------------  T H R E A D  ---------------

Current thread (0x041d1800):  JavaThread "AWT-Windows" daemon [_thread_in_native, id=3660, stack(0x04460000,0x044b0000)]

siginfo: ExceptionCode=0xc0000005, reading address 0x00000004

Registers:
EAX=0x09925328, EBX=0x047b71c0, ECX=0x00000000, EDX=0x00000002
ESP=0x044af410, EBP=0x044af448, ESI=0x09925328, EDI=0x00000002
EIP=0x601772b7, EFLAGS=0x00010246

Top of Stack: (sp=0x044af410)
0x044af410:   00000001 60174aba 000b0d1c 09925328
0x044af420:   00000111 00000002 000b0d1c 60175062
0x044af430:   09925328 044af448 00000001 00000111
0x044af440:   044af474 00000000 00000000 75a37d33
0x044af450:   000b0d1c 00000111 00000002 000b0d1c
0x044af460:   00000111 dcbaabcd 00000000 00000001
0x044af470:   00000111 044af4ec 75a37e90 60175010
0x044af480:   000b0d1c 00000111 00000002 000b0d1c 

Instructions: (pc=0x601772b7)
0x60177297:   d8 83 e8 01 83 c4 0c c3 83 c8 ff 83 c4 0c c3 cc
0x601772a7:   cc cc cc cc cc cc cc cc cc 53 8b 58 04 8b 4b 50
0x601772b7:   8b 49 04 56 57 52 e8 ae 9b ff ff 85 c0 74 29 8b
0x601772c7:   70 1c 85 f6 74 22 83 78 18 10 72 05 8b 40 04 eb 


Register to memory mapping:

EAX=0x09925328 is an unknown value
EBX=0x047b71c0 is an unknown value
ECX=0x00000000 is an unknown value
EDX=0x00000002 is an unknown value
ESP=0x044af410 is pointing into the stack for thread: 0x041d1800
EBP=0x044af448 is pointing into the stack for thread: 0x041d1800
ESI=0x09925328 is an unknown value
EDI=0x00000002 is an unknown value


Stack: [0x04460000,0x044b0000],  sp=0x044af410,  free space=317k
Native frames: (J=compiled Java code, j=interpreted, Vv=VM code, C=native code)
C  [GOOGLEPINYIN2.IME+0xa72b7]  ImeGetRegisterWordStyle+0x84647

Java frames: (J=compiled Java code, j=interpreted, Vv=VM code)
j  sun.awt.windows.WToolkit.eventLoop()V+0
j  sun.awt.windows.WToolkit.run()V+49
j  java.lang.Thread.run()V+11
v  ~StubRoutines::call_stub

---------------  P R O C E S S  ---------------

Java Threads: ( => current thread )
  0x04186000 JavaThread "Thread-0" daemon [_thread_in_native, id=4416, stack(0x0eb30000,0x0eb80000)]
  0x0699bc00 JavaThread "TimerQueue" daemon [_thread_blocked, id=3112, stack(0x0e950000,0x0e9a0000)]
  0x0196a800 JavaThread "DestroyJavaVM" [_thread_blocked, id=3828, stack(0x018a0000,0x018f0000)]
  0x04219000 JavaThread "AWT-EventQueue-0" [_thread_blocked, id=3740, stack(0x04510000,0x04560000)]
=>0x041d1800 JavaThread "AWT-Windows" daemon [_thread_in_native, id=3660, stack(0x04460000,0x044b0000)]
  0x041d0c00 JavaThread "AWT-Shutdown" [_thread_blocked, id=3780, stack(0x04410000,0x04460000)]
  0x041d0000 JavaThread "Java2D Disposer" daemon [_thread_blocked, id=4608, stack(0x043c0000,0x04410000)]
  0x01ddf800 JavaThread "Service Thread" daemon [_thread_blocked, id=2520, stack(0x040c0000,0x04110000)]
  0x01dc4c00 JavaThread "C1 CompilerThread0" daemon [_thread_blocked, id=6352, stack(0x04070000,0x040c0000)]
  0x01dc3800 JavaThread "Attach Listener" daemon [_thread_blocked, id=4200, stack(0x04020000,0x04070000)]
  0x01dc1400 JavaThread "Signal Dispatcher" daemon [_thread_blocked, id=2168, stack(0x03fd0000,0x04020000)]
  0x01d99000 JavaThread "Finalizer" daemon [_thread_blocked, id=5860, stack(0x03f80000,0x03fd0000)]
  0x01d94000 JavaThread "Reference Handler" daemon [_thread_blocked, id=3276, stack(0x03f30000,0x03f80000)]

Other Threads:
  0x01d92800 VMThread [stack: 0x019a0000,0x019f0000] [id=1488]
  0x01df0800 WatcherThread [stack: 0x04110000,0x04160000] [id=3804]

VM state:not at safepoint (normal execution)

VM Mutex/Monitor currently owned by a thread: None

Heap
 def new generation   total 4928K, used 1668K [0x23ed0000, 0x24420000, 0x29420000)
  eden space 4416K,  26% used [0x23ed0000, 0x23ff1008, 0x24320000)
  from space 512K, 100% used [0x243a0000, 0x24420000, 0x24420000)
  to   space 512K,   0% used [0x24320000, 0x24320000, 0x243a0000)
 tenured generation   total 10944K, used 1203K [0x29420000, 0x29ed0000, 0x33ed0000)
   the space 10944K,  10% used [0x29420000, 0x2954cf40, 0x2954d000, 0x29ed0000)
 compacting perm gen  total 12288K, used 2418K [0x33ed0000, 0x34ad0000, 0x37ed0000)
   the space 12288K,  19% used [0x33ed0000, 0x3412cbf8, 0x3412cc00, 0x34ad0000)
    ro space 10240K,  45% used [0x37ed0000, 0x38353958, 0x38353a00, 0x388d0000)
    rw space 12288K,  54% used [0x388d0000, 0x38f57498, 0x38f57600, 0x394d0000)

Code Cache  [0x01e00000, 0x01f10000, 0x03e00000)
 total_blobs=578 nmethods=334 adapters=179 free_code_cache=31707Kb largest_free_block=32468928

Compilation events (10 events):
Event: 7.330 Thread 0x01dc4c00  330             java.awt.GraphicsEnvironment::getHeadlessProperty (24 bytes)
Event: 7.330 Thread 0x01dc4c00 nmethod 330 0x01f08548 code [0x01f08650, 0x01f0872c]
Event: 7.651 Thread 0x01dc4c00  331             java.awt.Component::isVisible (5 bytes)
Event: 7.652 Thread 0x01dc4c00 nmethod 331 0x01f087c8 code [0x01f088c0, 0x01f08940]
Event: 7.652 Thread 0x01dc4c00  332             java.awt.Component::isVisible_NoClientCode (5 bytes)
Event: 7.652 Thread 0x01dc4c00 nmethod 332 0x01f08988 code [0x01f08a80, 0x01f08b00]
Event: 7.809 Thread 0x01dc4c00  333             java.awt.Container::getMouseEventTarget (50 bytes)
Event: 7.809 Thread 0x01dc4c00 nmethod 333 0x01f08b48 code [0x01f08c50, 0x01f08d88]
Event: 7.993 Thread 0x01dc4c00  334             java.util.concurrent.locks.ReentrantLock$Sync::isHeldExclusively (16 bytes)
Event: 7.993 Thread 0x01dc4c00 nmethod 334 0x01f08e48 code [0x01f08f40, 0x01f08fe0]

GC Heap History (2 events):
Event: 3.695 GC heap before
{Heap before GC invocations=0 (full 0):
 def new generation   total 4928K, used 4416K [0x23ed0000, 0x24420000, 0x29420000)
  eden space 4416K, 100% used [0x23ed0000, 0x24320000, 0x24320000)
  from space 512K,   0% used [0x24320000, 0x24320000, 0x243a0000)
  to   space 512K,   0% used [0x243a0000, 0x243a0000, 0x24420000)
 tenured generation   total 10944K, used 0K [0x29420000, 0x29ed0000, 0x33ed0000)
   the space 10944K,   0% used [0x29420000, 0x29420000, 0x29420200, 0x29ed0000)
 compacting perm gen  total 12288K, used 2329K [0x33ed0000, 0x34ad0000, 0x37ed0000)
   the space 12288K,  18% used [0x33ed0000, 0x341167a0, 0x34116800, 0x34ad0000)
    ro space 10240K,  45% used [0x37ed0000, 0x38353958, 0x38353a00, 0x388d0000)
    rw space 12288K,  54% used [0x388d0000, 0x38f57498, 0x38f57600, 0x394d0000)
Event: 3.708 GC heap after
Heap after GC invocations=1 (full 0):
 def new generation   total 4928K, used 512K [0x23ed0000, 0x24420000, 0x29420000)
  eden space 4416K,   0% used [0x23ed0000, 0x23ed0000, 0x24320000)
  from space 512K, 100% used [0x243a0000, 0x24420000, 0x24420000)
  to   space 512K,   0% used [0x24320000, 0x24320000, 0x243a0000)
 tenured generation   total 10944K, used 1203K [0x29420000, 0x29ed0000, 0x33ed0000)
   the space 10944K,  10% used [0x29420000, 0x2954cf40, 0x2954d000, 0x29ed0000)
 compacting perm gen  total 12288K, used 2329K [0x33ed0000, 0x34ad0000, 0x37ed0000)
   the space 12288K,  18% used [0x33ed0000, 0x341167a0, 0x34116800, 0x34ad0000)
    ro space 10240K,  45% used [0x37ed0000, 0x38353958, 0x38353a00, 0x388d0000)
    rw space 12288K,  54% used [0x388d0000, 0x38f57498, 0x38f57600, 0x394d0000)
}

Deoptimization events (0 events):
No events

Internal exceptions (10 events):
Event: 1.751 Thread 0x0196a800 Threw 0x24043350 at C:\jdk7u2_32P\jdk7u4\hotspot\src\share\vm\prims\jvm.cpp:1166
Event: 1.839 Thread 0x0196a800 Threw 0x2408c0c0 at C:\jdk7u2_32P\jdk7u4\hotspot\src\share\vm\prims\jvm.cpp:1166
Event: 2.053 Thread 0x04219000 Threw 0x24097118 at C:\jdk7u2_32P\jdk7u4\hotspot\src\share\vm\prims\jvm.cpp:1166
Event: 2.054 Thread 0x04219000 Threw 0x24098308 at C:\jdk7u2_32P\jdk7u4\hotspot\src\share\vm\prims\jvm.cpp:1166
Event: 2.054 Thread 0x04219000 Threw 0x24099be0 at C:\jdk7u2_32P\jdk7u4\hotspot\src\share\vm\prims\jvm.cpp:1166
Event: 2.054 Thread 0x04219000 Threw 0x2409ae10 at C:\jdk7u2_32P\jdk7u4\hotspot\src\share\vm\prims\jvm.cpp:1166
Event: 2.055 Thread 0x04219000 Threw 0x2409dff0 at C:\jdk7u2_32P\jdk7u4\hotspot\src\share\vm\prims\jvm.cpp:1166
Event: 2.055 Thread 0x04219000 Threw 0x2409f1e0 at C:\jdk7u2_32P\jdk7u4\hotspot\src\share\vm\prims\jvm.cpp:1166
Event: 2.056 Thread 0x04219000 Threw 0x240a0a88 at C:\jdk7u2_32P\jdk7u4\hotspot\src\share\vm\prims\jvm.cpp:1166
Event: 2.056 Thread 0x04219000 Threw 0x240a1cb8 at C:\jdk7u2_32P\jdk7u4\hotspot\src\share\vm\prims\jvm.cpp:1166

Events (10 events):
Event: 7.125 loading class 0x0699de78
Event: 7.144 loading class 0x0699de78 done
Event: 16.666 Thread 0x04184400 Thread added: 0x04184400
Event: 16.666 Thread 0x04184c00 Thread added: 0x04184c00
Event: 16.666 Thread 0x04186000 Thread added: 0x04186000
Event: 16.666 Thread 0x0697f800 Thread exited: 0x0697f800
Event: 16.666 loading class 0x0424cf18
Event: 16.666 loading class 0x0424cf18 done
Event: 16.666 Thread 0x04184400 Thread exited: 0x04184400
Event: 16.666 Thread 0x04184c00 Thread exited: 0x04184c00


Dynamic libraries:
0x00a40000 - 0x00a6f000 	D:\Program Files\Java\jdk1.7.0_04\bin\java.exe
0x77dc0000 - 0x77f29000 	C:\windows\SYSTEM32\ntdll.dll
0x77860000 - 0x77953000 	C:\windows\system32\KERNEL32.DLL
0x75790000 - 0x75849000 	C:\windows\system32\KERNELBASE.dll
0x71340000 - 0x713e2000 	C:\windows\system32\apphelp.dll
0x77960000 - 0x77a0b000 	C:\windows\system32\ADVAPI32.dll
0x75a30000 - 0x75b4f000 	C:\windows\system32\USER32.dll
0x736e0000 - 0x738cc000 	C:\windows\WinSxS\x86_microsoft.windows.common-controls_6595b64144ccf1df_6.0.8250.0_none_c119e7cca62b92bd\COMCTL32.dll
0x75db0000 - 0x75e61000 	C:\windows\system32\msvcrt.dll
0x75850000 - 0x75883000 	C:\windows\SYSTEM32\sechost.dll
0x75ca0000 - 0x75d6c000 	C:\windows\system32\RPCRT4.dll
0x76170000 - 0x76273000 	C:\windows\system32\GDI32.dll
0x75b50000 - 0x75b7a000 	C:\windows\system32\IMM32.DLL
0x76090000 - 0x76169000 	C:\windows\system32\MSCTF.dll
0x6adb0000 - 0x6ae6e000 	D:\Program Files\Java\jdk1.7.0_04\jre\bin\msvcr100.dll
0x656d0000 - 0x65a1a000 	D:\Program Files\Java\jdk1.7.0_04\jre\bin\client\jvm.dll
0x70920000 - 0x70927000 	C:\windows\SYSTEM32\WSOCK32.dll
0x71c50000 - 0x71c71000 	C:\windows\SYSTEM32\WINMM.dll
0x75b80000 - 0x75b85000 	C:\windows\system32\PSAPI.DLL
0x76040000 - 0x7608d000 	C:\windows\system32\WS2_32.dll
0x71c10000 - 0x71c39000 	C:\windows\SYSTEM32\WINMMBASE.dll
0x75890000 - 0x75897000 	C:\windows\system32\NSI.dll
0x6f2d0000 - 0x6f2dc000 	D:\Program Files\Java\jdk1.7.0_04\jre\bin\verify.dll
0x6dae0000 - 0x6db00000 	D:\Program Files\Java\jdk1.7.0_04\jre\bin\java.dll
0x6d8e0000 - 0x6d8f3000 	D:\Program Files\Java\jdk1.7.0_04\jre\bin\zip.dll
0x69b80000 - 0x69cc2000 	D:\Program Files\Java\jdk1.7.0_04\jre\bin\awt.dll
0x75fb0000 - 0x7603b000 	C:\windows\system32\OLEAUT32.dll
0x75e90000 - 0x75fae000 	C:\windows\system32\combase.dll
0x74680000 - 0x74719000 	C:\windows\system32\uxtheme.dll
0x600d0000 - 0x6041d000 	C:\windows\system32\GOOGLEPINYIN2.IME
0x75510000 - 0x7568d000 	C:\windows\system32\CRYPT32.dll
0x76280000 - 0x7735a000 	C:\windows\system32\SHELL32.dll
0x72650000 - 0x72664000 	C:\windows\system32\USP10.dll
0x73340000 - 0x73347000 	C:\windows\system32\VERSION.dll
0x754d0000 - 0x75510000 	C:\windows\system32\WINTRUST.dll
0x77570000 - 0x77682000 	C:\windows\system32\ole32.dll
0x71c40000 - 0x71c45000 	C:\windows\system32\MSIMG32.dll
0x77690000 - 0x77856000 	C:\windows\WinSxS\x86_microsoft.windows.gdiplus_6595b64144ccf1df_1.1.8250.0_none_53765fa01de421d7\gdiplus.dll
0x6f690000 - 0x6f7ae000 	C:\windows\system32\dbghelp.dll
0x74ae0000 - 0x74af9000 	C:\windows\system32\USERENV.dll
0x75d70000 - 0x75db0000 	C:\windows\system32\SHLWAPI.dll
0x77b40000 - 0x77cf6000 	C:\windows\system32\WININET.dll
0x754b0000 - 0x754c1000 	C:\windows\system32\MSASN1.dll
0x75420000 - 0x75431000 	C:\windows\system32\profapi.dll
0x758a0000 - 0x75a29000 	C:\windows\system32\iertutil.dll
0x77360000 - 0x773bf000 	C:\windows\system32\SHCORE.dll
0x752c0000 - 0x752c9000 	C:\windows\SYSTEM32\CRYPTBASE.dll
0x75270000 - 0x752c0000 	C:\windows\SYSTEM32\bcryptprimitives.dll
0x738d0000 - 0x738e7000 	C:\windows\SYSTEM32\dwmapi.dll
0x6c8b0000 - 0x6c8da000 	D:\Program Files\Java\jdk1.7.0_04\jre\bin\fontmanager.dll
0x6f870000 - 0x6fa26000 	C:\windows\system32\d3d9.dll
0x5d720000 - 0x5e0c6000 	C:\windows\SYSTEM32\nvd3dum.dll
0x753d0000 - 0x7540e000 	C:\windows\SYSTEM32\powrprof.dll
0x75690000 - 0x75718000 	C:\windows\WinSxS\x86_microsoft.windows.common-controls_6595b64144ccf1df_5.82.8250.0_none_5c0b45494ee5c53a\comctl32.dll
0x6d820000 - 0x6d834000 	D:\Program Files\Java\jdk1.7.0_04\jre\bin\net.dll
0x74e00000 - 0x74e4a000 	C:\windows\system32\mswsock.dll
0x6f0b0000 - 0x6f0bf000 	D:\Program Files\Java\jdk1.7.0_04\jre\bin\nio.dll
0x6c600000 - 0x6c631000 	D:\Program Files\Java\jdk1.7.0_04\jre\bin\t2k.dll
0x773c0000 - 0x7756c000 	C:\windows\system32\SETUPAPI.dll
0x75740000 - 0x75785000 	C:\windows\system32\CFGMGR32.dll
0x75720000 - 0x7573a000 	C:\windows\system32\DEVOBJ.dll
0x75c20000 - 0x75c94000 	C:\windows\SYSTEM32\clbcatq.dll
0x70f20000 - 0x71039000 	C:\windows\system32\propsys.dll
0x715d0000 - 0x715f6000 	C:\windows\SYSTEM32\ntmarta.dll
0x6bd90000 - 0x6bf28000 	C:\windows\system32\NetworkExplorer.dll
0x729a0000 - 0x729d3000 	C:\windows\System32\shdocvw.dll
0x6fb80000 - 0x6fb93000 	C:\windows\SYSTEM32\MPR.dll
0x6a9b0000 - 0x6a9b8000 	C:\windows\System32\drprov.dll
0x75370000 - 0x753ae000 	C:\windows\System32\WINSTA.dll
0x6a9a0000 - 0x6a9af000 	C:\windows\System32\ntlanman.dll
0x6a870000 - 0x6a888000 	C:\windows\System32\davclnt.dll
0x6a860000 - 0x6a868000 	C:\windows\System32\DAVHLPR.dll
0x729e0000 - 0x729f0000 	C:\windows\SYSTEM32\wkscli.dll
0x6f2b0000 - 0x6f2be000 	C:\windows\SYSTEM32\cscapi.dll
0x749d0000 - 0x749da000 	C:\windows\SYSTEM32\netutils.dll
0x650d0000 - 0x651aa000 	C:\Windows\System32\Windows.Media.Streaming.dll
0x732d0000 - 0x73303000 	C:\Windows\System32\XmlLite.dll
0x74e50000 - 0x74e69000 	C:\windows\SYSTEM32\CRYPTSP.dll
0x74ba0000 - 0x74bdc000 	C:\windows\system32\rsaenh.dll
0x71850000 - 0x7186a000 	C:\Windows\System32\Windows.Media.Streaming.ps.dll
0x6de60000 - 0x6de6b000 	C:\Windows\System32\DevDispItemProvider.dll
0x6ee10000 - 0x6ee88000 	C:\Windows\System32\PortableDeviceApi.dll
0x6fe90000 - 0x6feb0000 	C:\Windows\System32\EhStorAPI.dll
0x74930000 - 0x7493e000 	C:\Windows\System32\WTSAPI32.dll
0x6aed0000 - 0x6aed8000 	C:\windows\SYSTEM32\LINKINFO.dll
0x74150000 - 0x74292000 	C:\windows\SYSTEM32\WindowsCodecs.dll
0x75140000 - 0x75162000 	C:\windows\SYSTEM32\SspiCli.dll
0x68d80000 - 0x68ee2000 	C:\windows\System32\msxml3.dll
0x73350000 - 0x734ad000 	C:\windows\SYSTEM32\DWrite.dll
0x6db10000 - 0x6db34000 	D:\Program Files\Java\jdk1.7.0_04\jre\bin\dcpr.dll

VM Arguments:
jvm_args: -Dfile.encoding=GB2312 
java_command: client.FileUpload
Launcher Type: SUN_STANDARD

Environment Variables:
JAVA_HOME=D:\Program Files\Java\jdk1.7.0_04
CLASSPATH=.;D:\Program Files\Java\jdk1.7.0_04\lib\dt.jar;D:\Program Files\Java\jdk1.7.0_04\lib\tools.jar;
PATH=D:\oracle\product\10.2.0\client_1\bin;C:\Program Files\NVIDIA Corporation\PhysX\Common;C:\windows\system32;C:\windows;C:\windows\System32\Wbem;C:\windows\System32\WindowsPowerShell\v1.0\;D:\Program Files\Java\jdk1.7.0_04\bin;D:\Program Files\Java\jdk1.7.0_04\jre\bin;D:\SQL\100\Tools\Binn\;D:\SQL\100\DTS\Binn\;D:\SQL\100\Tools\Binn\VSShell\Common7\IDE\;C:\Program Files\Microsoft Visual Studio 9.0\Common7\IDE\PrivateAssemblies\;D:\Program Files\Microsoft Visual Studio\Common\Tools\WinNT;D:\Program Files\Microsoft Visual Studio\Common\MSDev98\Bin;D:\Program Files\Microsoft Visual Studio\Common\Tools;D:\Program Files\Microsoft Visual Studio\VC98\bin
USERNAME=J
OS=Windows_NT
PROCESSOR_IDENTIFIER=x86 Family 6 Model 23 Stepping 10, GenuineIntel



---------------  S Y S T E M  ---------------

OS: Windows NT 6.2 Build 8250 

CPU:total 2 (2 cores per cpu, 1 threads per core) family 6 model 23 stepping 10, cmov, cx8, fxsr, mmx, sse, sse2, sse3, ssse3, sse4.1, tsc

Memory: 4k page, physical 2096372k(853800k free), swap 4193524k(2265612k free)

vm_info: Java HotSpot(TM) Client VM (23.0-b21) for windows-x86 JRE (1.7.0_04-b20), built on Apr 12 2012 03:26:46 by "java_re" with unknown MS VC++:1600

time: Fri Jul 13 17:46:05 2012
elapsed time: 16 seconds

