#
# A fatal error has been detected by the Java Runtime Environment:
#
#  EXCEPTION_ACCESS_VIOLATION (0xc0000005) at pc=0x5d0472b7, pid=6380, tid=5100
#
# JRE version: 7.0_04-b20
# Java VM: Java HotSpot(TM) Client VM (23.0-b21 mixed mode, sharing windows-x86 )
# Problematic frame:
# C  [GOOGLEPINYIN2.IME+0xa72b7]  ImeGetRegisterWordStyle+0x84647
#
# Failed to write core dump. Minidumps are not enabled by default on client versions of Windows
#
# If you would like to submit a bug report, please visit:
#   http://bugreport.sun.com/bugreport/crash.jsp
# The crash happened outside the Java Virtual Machine in native code.
# See problematic frame for where to report the bug.
#

---------------  T H R E A D  ---------------

Current thread (0x0430f400):  JavaThread "AWT-Windows" daemon [_thread_in_native, id=5100, stack(0x04730000,0x04780000)]

siginfo: ExceptionCode=0xc0000005, reading address 0x00000004

Registers:
EAX=0x0a1fb928, EBX=0x0a1ffda0, ECX=0x00000000, EDX=0x00000002
ESP=0x0477f1b0, EBP=0x0477f1e8, ESI=0x0a1fb928, EDI=0x00000002
EIP=0x5d0472b7, EFLAGS=0x00010246

Top of Stack: (sp=0x0477f1b0)
0x0477f1b0:   00000001 5d044aba 000b0304 0a1fb928
0x0477f1c0:   00000111 00000002 000b0304 5d045062
0x0477f1d0:   0a1fb928 0477f1e8 00000001 00000111
0x0477f1e0:   0477f214 00000000 00000000 76e07d33
0x0477f1f0:   000b0304 00000111 00000002 000b0304
0x0477f200:   00000111 dcbaabcd 00000000 00000001
0x0477f210:   00000111 0477f28c 76e07e90 5d045010
0x0477f220:   000b0304 00000111 00000002 000b0304 

Instructions: (pc=0x5d0472b7)
0x5d047297:   d8 83 e8 01 83 c4 0c c3 83 c8 ff 83 c4 0c c3 cc
0x5d0472a7:   cc cc cc cc cc cc cc cc cc 53 8b 58 04 8b 4b 50
0x5d0472b7:   8b 49 04 56 57 52 e8 ae 9b ff ff 85 c0 74 29 8b
0x5d0472c7:   70 1c 85 f6 74 22 83 78 18 10 72 05 8b 40 04 eb 


Register to memory mapping:

EAX=0x0a1fb928 is an unknown value
EBX=0x0a1ffda0 is an unknown value
ECX=0x00000000 is an unknown value
EDX=0x00000002 is an unknown value
ESP=0x0477f1b0 is pointing into the stack for thread: 0x0430f400
EBP=0x0477f1e8 is pointing into the stack for thread: 0x0430f400
ESI=0x0a1fb928 is an unknown value
EDI=0x00000002 is an unknown value


Stack: [0x04730000,0x04780000],  sp=0x0477f1b0,  free space=316k
Native frames: (J=compiled Java code, j=interpreted, Vv=VM code, C=native code)
C  [GOOGLEPINYIN2.IME+0xa72b7]  ImeGetRegisterWordStyle+0x84647

Java frames: (J=compiled Java code, j=interpreted, Vv=VM code)
j  sun.awt.windows.WToolkit.eventLoop()V+0
j  sun.awt.windows.WToolkit.run()V+49
j  java.lang.Thread.run()V+11
v  ~StubRoutines::call_stub

---------------  P R O C E S S  ---------------

Java Threads: ( => current thread )
  0x04441800 JavaThread "Thread-0" daemon [_thread_in_native, id=7924, stack(0x0e860000,0x0e8b0000)]
  0x04437c00 JavaThread "TimerQueue" daemon [_thread_blocked, id=6040, stack(0x0e7c0000,0x0e810000)]
  0x04420400 JavaThread "D3D Screen Updater" daemon [_thread_in_native, id=5600, stack(0x0e340000,0x0e390000)]
  0x00c3a800 JavaThread "DestroyJavaVM" [_thread_blocked, id=6884, stack(0x00c60000,0x00cb0000)]
  0x0433b800 JavaThread "AWT-EventQueue-0" [_thread_blocked, id=7160, stack(0x06f10000,0x06f60000)]
=>0x0430f400 JavaThread "AWT-Windows" daemon [_thread_in_native, id=5100, stack(0x04730000,0x04780000)]
  0x0430d800 JavaThread "AWT-Shutdown" [_thread_blocked, id=6992, stack(0x04660000,0x046b0000)]
  0x0430d000 JavaThread "Java2D Disposer" daemon [_thread_blocked, id=7076, stack(0x04610000,0x04660000)]
  0x01aef800 JavaThread "Service Thread" daemon [_thread_blocked, id=7956, stack(0x04200000,0x04250000)]
  0x01ad5c00 JavaThread "C1 CompilerThread0" daemon [_thread_blocked, id=1064, stack(0x041b0000,0x04200000)]
  0x01ad4800 JavaThread "Attach Listener" daemon [_thread_blocked, id=4196, stack(0x04160000,0x041b0000)]
  0x01ad2800 JavaThread "Signal Dispatcher" daemon [_thread_blocked, id=7488, stack(0x04110000,0x04160000)]
  0x01aa9000 JavaThread "Finalizer" daemon [_thread_blocked, id=1520, stack(0x040c0000,0x04110000)]
  0x01aa4400 JavaThread "Reference Handler" daemon [_thread_blocked, id=5628, stack(0x04070000,0x040c0000)]

Other Threads:
  0x01aa2800 VMThread [stack: 0x04020000,0x04070000] [id=7340]
  0x01b08c00 WatcherThread [stack: 0x04250000,0x042a0000] [id=4276]

VM state:not at safepoint (normal execution)

VM Mutex/Monitor currently owned by a thread: None

Heap
 def new generation   total 4928K, used 4550K [0x23ed0000, 0x24420000, 0x29420000)
  eden space 4416K,  91% used [0x23ed0000, 0x242c1b70, 0x24320000)
  from space 512K, 100% used [0x243a0000, 0x24420000, 0x24420000)
  to   space 512K,   0% used [0x24320000, 0x24320000, 0x243a0000)
 tenured generation   total 10944K, used 1116K [0x29420000, 0x29ed0000, 0x33ed0000)
   the space 10944K,  10% used [0x29420000, 0x29537220, 0x29537400, 0x29ed0000)
 compacting perm gen  total 12288K, used 1057K [0x33ed0000, 0x34ad0000, 0x37ed0000)
   the space 12288K,   8% used [0x33ed0000, 0x33fd8788, 0x33fd8800, 0x34ad0000)
    ro space 10240K,  45% used [0x37ed0000, 0x38353958, 0x38353a00, 0x388d0000)
    rw space 12288K,  54% used [0x388d0000, 0x38f57498, 0x38f57600, 0x394d0000)

Code Cache  [0x01fc0000, 0x020a0000, 0x03fc0000)
 total_blobs=429 nmethods=211 adapters=153 free_code_cache=31880Kb largest_free_block=32645952

Compilation events (10 events):
Event: 2.981 Thread 0x01ad5c00  207             sun.reflect.ClassFileAssembler::emitConstantPoolUTF8 (50 bytes)
Event: 2.982 Thread 0x01ad5c00 nmethod 207 0x0209bf88 code [0x0209c0d0, 0x0209c30c]
Event: 2.982 Thread 0x01ad5c00  208   !         sun.reflect.UTF8::encode (189 bytes)
Event: 2.983 Thread 0x01ad5c00 nmethod 208 0x0209c688 code [0x0209c7d0, 0x0209cb74]
Event: 2.983 Thread 0x01ad5c00  209             sun.reflect.UTF8::utf8Length (81 bytes)
Event: 2.983 Thread 0x01ad5c00 nmethod 209 0x0209d088 code [0x0209d1a0, 0x0209d33c]
Event: 2.983 Thread 0x01ad5c00  210             java.lang.StringBuilder::toString (17 bytes)
Event: 2.984 Thread 0x01ad5c00 nmethod 210 0x0209d508 code [0x0209d610, 0x0209d6fc]
Event: 2.984 Thread 0x01ad5c00  211             java.util.ArrayList::size (5 bytes)
Event: 2.984 Thread 0x01ad5c00 nmethod 211 0x0209d788 code [0x0209d880, 0x0209d900]

GC Heap History (2 events):
Event: 1.720 GC heap before
{Heap before GC invocations=0 (full 0):
 def new generation   total 4928K, used 4416K [0x23ed0000, 0x24420000, 0x29420000)
  eden space 4416K, 100% used [0x23ed0000, 0x24320000, 0x24320000)
  from space 512K,   0% used [0x24320000, 0x24320000, 0x243a0000)
  to   space 512K,   0% used [0x243a0000, 0x243a0000, 0x24420000)
 tenured generation   total 10944K, used 0K [0x29420000, 0x29ed0000, 0x33ed0000)
   the space 10944K,   0% used [0x29420000, 0x29420000, 0x29420200, 0x29ed0000)
 compacting perm gen  total 12288K, used 774K [0x33ed0000, 0x34ad0000, 0x37ed0000)
   the space 12288K,   6% used [0x33ed0000, 0x33f91b00, 0x33f91c00, 0x34ad0000)
    ro space 10240K,  45% used [0x37ed0000, 0x38353958, 0x38353a00, 0x388d0000)
    rw space 12288K,  54% used [0x388d0000, 0x38f57498, 0x38f57600, 0x394d0000)
Event: 1.729 GC heap after
Heap after GC invocations=1 (full 0):
 def new generation   total 4928K, used 512K [0x23ed0000, 0x24420000, 0x29420000)
  eden space 4416K,   0% used [0x23ed0000, 0x23ed0000, 0x24320000)
  from space 512K, 100% used [0x243a0000, 0x24420000, 0x24420000)
  to   space 512K,   0% used [0x24320000, 0x24320000, 0x243a0000)
 tenured generation   total 10944K, used 1116K [0x29420000, 0x29ed0000, 0x33ed0000)
   the space 10944K,  10% used [0x29420000, 0x29537220, 0x29537400, 0x29ed0000)
 compacting perm gen  total 12288K, used 774K [0x33ed0000, 0x34ad0000, 0x37ed0000)
   the space 12288K,   6% used [0x33ed0000, 0x33f91b00, 0x33f91c00, 0x34ad0000)
    ro space 10240K,  45% used [0x37ed0000, 0x38353958, 0x38353a00, 0x388d0000)
    rw space 12288K,  54% used [0x388d0000, 0x38f57498, 0x38f57600, 0x394d0000)
}

Deoptimization events (0 events):
No events

Internal exceptions (10 events):
Event: 0.866 Thread 0x00c3a800 Threw 0x23fe3850 at C:\jdk7u2_32P\jdk7u4\hotspot\src\share\vm\prims\jvm.cpp:1166
Event: 0.866 Thread 0x00c3a800 Threw 0x23fe4850 at C:\jdk7u2_32P\jdk7u4\hotspot\src\share\vm\prims\jvm.cpp:1166
Event: 0.867 Thread 0x00c3a800 Threw 0x23fe5fd8 at C:\jdk7u2_32P\jdk7u4\hotspot\src\share\vm\prims\jvm.cpp:1166
Event: 0.867 Thread 0x00c3a800 Threw 0x23fe7018 at C:\jdk7u2_32P\jdk7u4\hotspot\src\share\vm\prims\jvm.cpp:1166
Event: 0.961 Thread 0x00c3a800 Threw 0x23fff4d8 at C:\jdk7u2_32P\jdk7u4\hotspot\src\share\vm\prims\jvm.cpp:1166
Event: 1.276 Thread 0x00c3a800 Threw 0x2402dab0 at C:\jdk7u2_32P\jdk7u4\hotspot\src\share\vm\prims\jvm.cpp:1166
Event: 1.276 Thread 0x00c3a800 Threw 0x2402f0d8 at C:\jdk7u2_32P\jdk7u4\hotspot\src\share\vm\prims\jvm.cpp:1166
Event: 1.277 Thread 0x00c3a800 Threw 0x24030bc8 at C:\jdk7u2_32P\jdk7u4\hotspot\src\share\vm\prims\jvm.cpp:1166
Event: 1.453 Thread 0x00c3a800 Threw 0x24067388 at C:\jdk7u2_32P\jdk7u4\hotspot\src\share\vm\prims\jni.cpp:715
Event: 1.453 Thread 0x00c3a800 Threw 0x240677b8 at C:\jdk7u2_32P\jdk7u4\hotspot\src\share\vm\interpreter\linkResolver.cpp:805

Events (10 events):
Event: 2.984 loading class 0x39528070 done
Event: 2.984 loading class 0x395280a0 done
Event: 2.984 loading class 0x39542f68
Event: 2.984 loading class 0x39542f68 done
Event: 3.000 loading class 0x395eecb8
Event: 3.001 loading class 0x395eecb8 done
Event: 3.012 loading class 0x39542ad8
Event: 3.013 loading class 0x39542ad8 done
Event: 4.085 Thread 0x04441400 Thread added: 0x04441400
Event: 4.085 Thread 0x04441800 Thread added: 0x04441800


Dynamic libraries:
0x00120000 - 0x0014f000 	D:\Program Files\Java\jdk1.7.0_04\bin\java.exe
0x77990000 - 0x77af9000 	C:\windows\SYSTEM32\ntdll.dll
0x77890000 - 0x77983000 	C:\windows\system32\KERNEL32.DLL
0x75360000 - 0x75419000 	C:\windows\system32\KERNELBASE.dll
0x70f00000 - 0x70fa2000 	C:\windows\system32\apphelp.dll
0x76ad0000 - 0x76b7b000 	C:\windows\system32\ADVAPI32.dll
0x76e00000 - 0x76f1f000 	C:\windows\system32\USER32.dll
0x73590000 - 0x7377c000 	C:\windows\WinSxS\x86_microsoft.windows.common-controls_6595b64144ccf1df_6.0.8250.0_none_c119e7cca62b92bd\COMCTL32.dll
0x77090000 - 0x77141000 	C:\windows\system32\msvcrt.dll
0x77220000 - 0x77253000 	C:\windows\SYSTEM32\sechost.dll
0x77150000 - 0x7721c000 	C:\windows\system32\RPCRT4.dll
0x765f0000 - 0x766f3000 	C:\windows\system32\GDI32.dll
0x75480000 - 0x754aa000 	C:\windows\system32\IMM32.DLL
0x76700000 - 0x767d9000 	C:\windows\system32\MSCTF.dll
0x60f70000 - 0x6102e000 	D:\Program Files\Java\jdk1.7.0_04\jre\bin\msvcr100.dll
0x61030000 - 0x6137a000 	D:\Program Files\Java\jdk1.7.0_04\jre\bin\client\jvm.dll
0x705b0000 - 0x705b7000 	C:\windows\SYSTEM32\WSOCK32.dll
0x719f0000 - 0x71a11000 	C:\windows\SYSTEM32\WINMM.dll
0x76970000 - 0x76975000 	C:\windows\system32\PSAPI.DLL
0x76f20000 - 0x76f6d000 	C:\windows\system32\WS2_32.dll
0x719b0000 - 0x719d9000 	C:\windows\SYSTEM32\WINMMBASE.dll
0x769a0000 - 0x769a7000 	C:\windows\system32\NSI.dll
0x71fe0000 - 0x71fec000 	D:\Program Files\Java\jdk1.7.0_04\jre\bin\verify.dll
0x699f0000 - 0x69a10000 	D:\Program Files\Java\jdk1.7.0_04\jre\bin\java.dll
0x69270000 - 0x69283000 	D:\Program Files\Java\jdk1.7.0_04\jre\bin\zip.dll
0x60e20000 - 0x60f62000 	D:\Program Files\Java\jdk1.7.0_04\jre\bin\awt.dll
0x77800000 - 0x7788b000 	C:\windows\system32\OLEAUT32.dll
0x77440000 - 0x7755e000 	C:\windows\system32\combase.dll
0x73a70000 - 0x73a87000 	C:\windows\system32\DWMAPI.DLL
0x74250000 - 0x742e9000 	C:\windows\system32\uxtheme.dll
0x5cfa0000 - 0x5d2ed000 	C:\windows\system32\GOOGLEPINYIN2.IME
0x75170000 - 0x752ed000 	C:\windows\system32\CRYPT32.dll
0x75510000 - 0x765ea000 	C:\windows\system32\SHELL32.dll
0x62f80000 - 0x62f94000 	C:\windows\system32\USP10.dll
0x723b0000 - 0x723b7000 	C:\windows\system32\VERSION.dll
0x750a0000 - 0x750e0000 	C:\windows\system32\WINTRUST.dll
0x769b0000 - 0x76ac2000 	C:\windows\system32\ole32.dll
0x719e0000 - 0x719e5000 	C:\windows\system32\MSIMG32.dll
0x77270000 - 0x77436000 	C:\windows\WinSxS\x86_microsoft.windows.gdiplus_6595b64144ccf1df_1.1.8250.0_none_53765fa01de421d7\gdiplus.dll
0x6d0c0000 - 0x6d1de000 	C:\windows\system32\dbghelp.dll
0x746b0000 - 0x746c9000 	C:\windows\system32\USERENV.dll
0x76c10000 - 0x76c50000 	C:\windows\system32\SHLWAPI.dll
0x77640000 - 0x777f6000 	C:\windows\system32\WININET.dll
0x75080000 - 0x75091000 	C:\windows\system32\MSASN1.dll
0x74ff0000 - 0x75001000 	C:\windows\system32\profapi.dll
0x767e0000 - 0x76969000 	C:\windows\system32\iertutil.dll
0x77560000 - 0x775bf000 	C:\windows\system32\SHCORE.dll
0x74e90000 - 0x74e99000 	C:\windows\SYSTEM32\CRYPTBASE.dll
0x74e40000 - 0x74e90000 	C:\windows\SYSTEM32\bcryptprimitives.dll
0x6c570000 - 0x6c726000 	C:\windows\system32\d3d9.dll
0x580b0000 - 0x58a56000 	C:\windows\SYSTEM32\nvd3dum.dll
0x74fa0000 - 0x74fde000 	C:\windows\SYSTEM32\powrprof.dll
0x67cb0000 - 0x67cda000 	D:\Program Files\Java\jdk1.7.0_04\jre\bin\fontmanager.dll
0x775c0000 - 0x77634000 	C:\windows\SYSTEM32\clbcatq.dll
0x73920000 - 0x73a62000 	C:\windows\SYSTEM32\WindowsCodecs.dll
0x67ea0000 - 0x67eb4000 	D:\Program Files\Java\jdk1.7.0_04\jre\bin\net.dll
0x749d0000 - 0x74a1a000 	C:\windows\system32\mswsock.dll
0x67e90000 - 0x67e9f000 	D:\Program Files\Java\jdk1.7.0_04\jre\bin\nio.dll
0x67c70000 - 0x67ca1000 	D:\Program Files\Java\jdk1.7.0_04\jre\bin\t2k.dll
0x71380000 - 0x713a6000 	C:\windows\SYSTEM32\ntmarta.dll
0x74e10000 - 0x74e32000 	C:\windows\SYSTEM32\SspiCli.dll
0x6cad0000 - 0x6cc32000 	C:\windows\System32\msxml3.dll
0x72ec0000 - 0x7301d000 	C:\windows\SYSTEM32\DWrite.dll

VM Arguments:
jvm_args: -Dfile.encoding=GB2312 
java_command: client.Main_Frame
Launcher Type: SUN_STANDARD

Environment Variables:
JAVA_HOME=D:\Program Files\Java\jdk1.7.0_04
CLASSPATH=.;D:\Program Files\Java\jdk1.7.0_04\lib\dt.jar;D:\Program Files\Java\jdk1.7.0_04\lib\tools.jar;
PATH=D:\oracle\product\10.2.0\client_1\bin;C:\Program Files\NVIDIA Corporation\PhysX\Common;C:\windows\system32;C:\windows;C:\windows\System32\Wbem;C:\windows\System32\WindowsPowerShell\v1.0\;D:\Program Files\Java\jdk1.7.0_04\bin;D:\Program Files\Java\jdk1.7.0_04\jre\bin;D:\SQL\100\Tools\Binn\;D:\SQL\100\DTS\Binn\;D:\SQL\100\Tools\Binn\VSShell\Common7\IDE\;C:\Program Files\Microsoft Visual Studio 9.0\Common7\IDE\PrivateAssemblies\;C:\Program Files\MySQL\MySQL Server 5.5\bin;D:\Program Files\Microsoft Visual Studio\Common\Tools\WinNT;D:\Program Files\Microsoft Visual Studio\Common\MSDev98\Bin;D:\Program Files\Microsoft Visual Studio\Common\Tools;D:\Program Files\Microsoft Visual Studio\VC98\bin
USERNAME=J
OS=Windows_NT
PROCESSOR_IDENTIFIER=x86 Family 6 Model 23 Stepping 10, GenuineIntel



---------------  S Y S T E M  ---------------

OS: Windows NT 6.2 Build 8250 

CPU:total 2 (2 cores per cpu, 1 threads per core) family 6 model 23 stepping 10, cmov, cx8, fxsr, mmx, sse, sse2, sse3, ssse3, sse4.1, tsc

Memory: 4k page, physical 2096372k(620960k free), swap 4193524k(1447876k free)

vm_info: Java HotSpot(TM) Client VM (23.0-b21) for windows-x86 JRE (1.7.0_04-b20), built on Apr 12 2012 03:26:46 by "java_re" with unknown MS VC++:1600

time: Mon Jul 16 22:31:30 2012
elapsed time: 4 seconds

